0 info it worked if it ends with ok
1 verbose cli [ 'C:\\Program Files (x86)\\nodejs\\node.exe',
1 verbose cli   'C:\\Users\\Vincent\\AppData\\Roaming\\npm\\node_modules\\npm\\bin\\npm-cli.js',
1 verbose cli   'start' ]
2 info using npm@4.0.5
3 info using node@v6.3.1
4 verbose run-script [ 'prestart', 'start', 'poststart' ]
5 info lifecycle product-management@1.0.0~prestart: product-management@1.0.0
6 silly lifecycle product-management@1.0.0~prestart: no script for prestart, continuing
7 info lifecycle product-management@1.0.0~start: product-management@1.0.0
8 verbose lifecycle product-management@1.0.0~start: unsafe-perm in lifecycle true
9 verbose lifecycle product-management@1.0.0~start: PATH: C:\Users\Vincent\AppData\Roaming\npm\node_modules\npm\bin\node-gyp-bin;F:\Dev\Git\Angular2-GettingStarted\APM - Final Updated\node_modules\.bin;C:\Program Files (x86)\iis express\PHP\v5.6;C:\Program Files (x86)\Microsoft Visual Studio 14.0\Common7\IDE\CommonExtensions\Microsoft\TeamFoundation\Team Explorer\NativeBinaries\x86;C:\Program Files\iis express\PHP\v7.0;C:\Program Files (x86)\Intel\iCLS Client\;C:\Program Files\Intel\iCLS Client\;C:\Windows\system32;C:\Windows;C:\Windows\System32\Wbem;C:\Windows\System32\WindowsPowerShell\v1.0\;C:\Program Files\Dell\Dell Data Protection\Drivers\TSS\bin\;C:\Program Files (x86)\Skype\Phone\;C:\Program Files (x86)\Intel\Intel(R) Management Engine Components\DAL;C:\Program Files\Intel\Intel(R) Management Engine Components\DAL;C:\Program Files (x86)\Intel\Intel(R) Management Engine Components\IPT;C:\Program Files\Intel\Intel(R) Management Engine Components\IPT;C:\Program Files (x86)\Windows Live\Shared;C:\Program Files\Microsoft\Web Platform Installer\;C:\Program Files\Microsoft SQL Server\120\Tools\Binn\;C:\Program Files\Microsoft SQL Server\130\Tools\Binn\;C:\Program Files\Intel\WiFi\bin\;C:\Program Files\Commo;C:\ProgramData\chocolatey\bin;C:\Program Files (x86)\nodejs\;C:\Program Files (x86)\Brackets\command;C:\Program Files (x86)\Windows Kits\10\Windows Performance Toolkit\;C:\Users\Vincent\.dnx\runtimes\dnx-coreclr-win-x64.1.0.0-rc1-final\bin;C:\Users\Vincent\.dnx\bin;C:\Program Files\Intel\WiFi\bin\;C:\Program Files\Common Files\Intel\WirelessCommon\;C:\Program Files (x86)\Microsoft VS Code\bin;C:\Users\Vincent\AppData\Roaming\npm
10 verbose lifecycle product-management@1.0.0~start: CWD: F:\Dev\Git\Angular2-GettingStarted\APM - Final Updated
11 silly lifecycle product-management@1.0.0~start: Args: [ '/d /s /c', 'concurrently "npm run tsc:w" "npm run lite" ' ]
12 silly lifecycle product-management@1.0.0~start: Returned: code: 3221225786  signal: null
13 info lifecycle product-management@1.0.0~start: Failed to exec start script
14 verbose stack Error: product-management@1.0.0 start: `concurrently "npm run tsc:w" "npm run lite" `
14 verbose stack Exit status 3221225786
14 verbose stack     at EventEmitter.<anonymous> (C:\Users\Vincent\AppData\Roaming\npm\node_modules\npm\lib\utils\lifecycle.js:279:16)
14 verbose stack     at emitTwo (events.js:106:13)
14 verbose stack     at EventEmitter.emit (events.js:191:7)
14 verbose stack     at ChildProcess.<anonymous> (C:\Users\Vincent\AppData\Roaming\npm\node_modules\npm\lib\utils\spawn.js:40:14)
14 verbose stack     at emitTwo (events.js:106:13)
14 verbose stack     at ChildProcess.emit (events.js:191:7)
14 verbose stack     at maybeClose (internal/child_process.js:852:16)
14 verbose stack     at Process.ChildProcess._handle.onexit (internal/child_process.js:215:5)
15 verbose pkgid product-management@1.0.0
16 verbose cwd F:\Dev\Git\Angular2-GettingStarted\APM - Final Updated
17 error Windows_NT 10.0.10586
18 error argv "C:\\Program Files (x86)\\nodejs\\node.exe" "C:\\Users\\Vincent\\AppData\\Roaming\\npm\\node_modules\\npm\\bin\\npm-cli.js" "start"
19 error node v6.3.1
20 error npm  v4.0.5
21 error code ELIFECYCLE
22 error product-management@1.0.0 start: `concurrently "npm run tsc:w" "npm run lite" `
22 error Exit status 3221225786
23 error Failed at the product-management@1.0.0 start script 'concurrently "npm run tsc:w" "npm run lite" '.
23 error Make sure you have the latest version of node.js and npm installed.
23 error If you do, this is most likely a problem with the product-management package,
23 error not with npm itself.
23 error Tell the author that this fails on your system:
23 error     concurrently "npm run tsc:w" "npm run lite"
23 error You can get information on how to open an issue for this project with:
23 error     npm bugs product-management
23 error Or if that isn't available, you can get their info via:
23 error     npm owner ls product-management
23 error There is likely additional logging output above.
24 verbose exit [ 1, true ]
